  EntryPoint.cpp
C:\Program Files\Microsoft Visual Studio\2022\Community\VC\Tools\MSVC\14.38.33130\include\bit(11): warning STL4038: The contents of <bit> are available only with C++20 or later.
C:\Users\Carles\source\repos\GoldEngine\GoldEngine-Internal\Cast.h(13,40): warning C4101: 'ex': variable local sin referencia
  (compilando archivo de origen "EntryPoint.cpp")
  
C:\Users\Carles\source\repos\GoldEngine\GoldEngine-Internal\Object\Vector2.h(12,4): warning C5030: Atributo [[JsonConstructorAttribute]] no reconocido
  (compilando archivo de origen "EntryPoint.cpp")
  
C:\Users\Carles\source\repos\GoldEngine\GoldEngine-Internal\Object\Vector3.h(85,8): warning C4490: 'override': uso incorrecto del especificador de invalidación; 'Engine::Components::Vector3::Equals' no coincide con un método de clase ref
  (compilando archivo de origen "EntryPoint.cpp")
  C:\Users\Carles\source\repos\GoldEngine\GoldEngine-Internal\Object\Vector3.h(85,8):
  'new' U 'override' solamente se permiten cuando existe el correspondiente método de base de una clase ref
  
C:\Users\Carles\source\repos\GoldEngine\GoldEngine-Internal\DataPacks.h(54,43): warning C4267: '+=': conversión de 'size_t' a 'int'; posible pérdida de datos
  (compilando archivo de origen "EntryPoint.cpp")
  
C:\Users\Carles\source\repos\GoldEngine\GoldEngine-Internal\DataPacks.h(55,42): warning C4267: '+=': conversión de 'size_t' a 'int'; posible pérdida de datos
  (compilando archivo de origen "EntryPoint.cpp")
  
C:\Users\Carles\source\repos\GoldEngine\GoldEngine-Internal\DataPacks.h(56,46): warning C4267: '+=': conversión de 'size_t' a 'int'; posible pérdida de datos
  (compilando archivo de origen "EntryPoint.cpp")
  
C:\Users\Carles\source\repos\GoldEngine\GoldEngine-Internal\DataPacks.h(57,45): warning C4267: '+=': conversión de 'size_t' a 'int'; posible pérdida de datos
  (compilando archivo de origen "EntryPoint.cpp")
  
C:\Users\Carles\source\repos\GoldEngine\GoldEngine-Internal\DataPacks.h(58,43): warning C4267: '+=': conversión de 'size_t' a 'int'; posible pérdida de datos
  (compilando archivo de origen "EntryPoint.cpp")
  
C:\Users\Carles\source\repos\GoldEngine\GoldEngine-Internal\DataPack.h(13,67): warning C4091: 'typedef ': se ha omitido a la izquierda de 'Engine::Assets::Management::assetType' cuando no hay ninguna variable declarada
  (compilando archivo de origen "EntryPoint.cpp")
  
C:\Users\Carles\source\repos\GoldEngine\GoldEngine-Internal\DataManager.h(233,14): warning C4101: 'nullTex': variable local sin referencia
  (compilando archivo de origen "EntryPoint.cpp")
  
C:\Users\Carles\source\repos\GoldEngine\GoldEngine-Internal\Voxel.h(79,14): warning C4552: "<<": el resultado de la expresión no se usa
  (compilando archivo de origen "EntryPoint.cpp")
  
C:\Users\Carles\source\repos\GoldEngine\GoldEngine-Internal\Voxel.h(80,14): warning C4552: "<<": el resultado de la expresión no se usa
  (compilando archivo de origen "EntryPoint.cpp")
  
C:\Users\Carles\source\repos\GoldEngine\GoldEngine-Internal\Voxel.h(81,24): warning C4293: '<<': recuento de desplazamientos negativo o demasiado grande; comportamiento impredecible
  (compilando archivo de origen "EntryPoint.cpp")
  
C:\Users\Carles\source\repos\GoldEngine\GoldEngine-Internal\Voxel.h(81,14): warning C4552: "<<": el resultado de la expresión no se usa
  (compilando archivo de origen "EntryPoint.cpp")
  
C:\Users\Carles\source\repos\GoldEngine\GoldEngine-Internal\Voxel.h(88,14): warning C4552: "<<": el resultado de la expresión no se usa
  (compilando archivo de origen "EntryPoint.cpp")
  
C:\Users\Carles\source\repos\GoldEngine\GoldEngine-Internal\Voxel.h(89,14): warning C4552: "<<": el resultado de la expresión no se usa
  (compilando archivo de origen "EntryPoint.cpp")
  
C:\Users\Carles\source\repos\GoldEngine\GoldEngine-Internal\Voxel.h(90,24): warning C4293: '<<': recuento de desplazamientos negativo o demasiado grande; comportamiento impredecible
  (compilando archivo de origen "EntryPoint.cpp")
  
C:\Users\Carles\source\repos\GoldEngine\GoldEngine-Internal\Voxel.h(90,14): warning C4552: "<<": el resultado de la expresión no se usa
  (compilando archivo de origen "EntryPoint.cpp")
  
C:\Users\Carles\source\repos\GoldEngine\GoldEngine-Internal\Voxel.h(97,14): warning C4552: "<<": el resultado de la expresión no se usa
  (compilando archivo de origen "EntryPoint.cpp")
  
C:\Users\Carles\source\repos\GoldEngine\GoldEngine-Internal\Voxel.h(98,14): warning C4552: "<<": el resultado de la expresión no se usa
  (compilando archivo de origen "EntryPoint.cpp")
  
C:\Users\Carles\source\repos\GoldEngine\GoldEngine-Internal\Voxel.h(99,24): warning C4293: '<<': recuento de desplazamientos negativo o demasiado grande; comportamiento impredecible
  (compilando archivo de origen "EntryPoint.cpp")
  
C:\Users\Carles\source\repos\GoldEngine\GoldEngine-Internal\Voxel.h(99,14): warning C4552: "<<": el resultado de la expresión no se usa
  (compilando archivo de origen "EntryPoint.cpp")
  
C:\Users\Carles\source\repos\GoldEngine\GoldEngine-Internal\Voxel.h(106,14): warning C4552: "<<": el resultado de la expresión no se usa
  (compilando archivo de origen "EntryPoint.cpp")
  
C:\Users\Carles\source\repos\GoldEngine\GoldEngine-Internal\Voxel.h(107,14): warning C4552: "<<": el resultado de la expresión no se usa
  (compilando archivo de origen "EntryPoint.cpp")
  
C:\Users\Carles\source\repos\GoldEngine\GoldEngine-Internal\Voxel.h(108,24): warning C4293: '<<': recuento de desplazamientos negativo o demasiado grande; comportamiento impredecible
  (compilando archivo de origen "EntryPoint.cpp")
  
C:\Users\Carles\source\repos\GoldEngine\GoldEngine-Internal\Voxel.h(108,14): warning C4552: "<<": el resultado de la expresión no se usa
  (compilando archivo de origen "EntryPoint.cpp")
  
C:\Users\Carles\source\repos\GoldEngine\GoldEngine-Internal\Voxel.h(124,17): warning C4244: '+=': conversión de '__int64' a 'unsigned long'; posible pérdida de datos
  (compilando archivo de origen "EntryPoint.cpp")
  
C:\Users\Carles\source\repos\GoldEngine\GoldEngine-Internal\Voxel.h(125,17): warning C4244: '+=': conversión de '__int64' a 'unsigned long'; posible pérdida de datos
  (compilando archivo de origen "EntryPoint.cpp")
  
C:\Users\Carles\source\repos\GoldEngine\GoldEngine-Internal\Voxel.h(126,17): warning C4244: '+=': conversión de '__int64' a 'unsigned long'; posible pérdida de datos
  (compilando archivo de origen "EntryPoint.cpp")
  
C:\Users\Carles\source\repos\GoldEngine\GoldEngine-Internal\Voxel.h(127,17): warning C4244: '+=': conversión de '__int64' a 'unsigned long'; posible pérdida de datos
  (compilando archivo de origen "EntryPoint.cpp")
  
C:\Users\Carles\source\repos\GoldEngine\GoldEngine-Internal\Voxel.h(129,13): warning C4244: '=': conversión de '__int64' a 'char'; posible pérdida de datos
  (compilando archivo de origen "EntryPoint.cpp")
  
C:\Users\Carles\source\repos\GoldEngine\GoldEngine-Internal\Voxel.h(149,17): warning C4244: '+=': conversión de '__int64' a 'unsigned int'; posible pérdida de datos
  (compilando archivo de origen "EntryPoint.cpp")
  
C:\Users\Carles\source\repos\GoldEngine\GoldEngine-Internal\Voxel.h(150,17): warning C4244: '+=': conversión de '__int64' a 'unsigned int'; posible pérdida de datos
  (compilando archivo de origen "EntryPoint.cpp")
  
C:\Users\Carles\source\repos\GoldEngine\GoldEngine-Internal\Voxel.h(151,17): warning C4244: '+=': conversión de '__int64' a 'unsigned int'; posible pérdida de datos
  (compilando archivo de origen "EntryPoint.cpp")
  
C:\Users\Carles\source\repos\GoldEngine\GoldEngine-Internal\Voxel.h(152,17): warning C4244: '+=': conversión de '__int64' a 'unsigned int'; posible pérdida de datos
  (compilando archivo de origen "EntryPoint.cpp")
  
C:\Users\Carles\source\repos\GoldEngine\GoldEngine-Internal\Voxel.h(156,9): warning C4309: '=': truncamiento de valor constante
  (compilando archivo de origen "EntryPoint.cpp")
  
C:\Users\Carles\source\repos\GoldEngine\GoldEngine-Internal\Voxel.h(160,14): warning C4244: '=': conversión de '__int64' a 'char'; posible pérdida de datos
  (compilando archivo de origen "EntryPoint.cpp")
  
C:\Users\Carles\source\repos\GoldEngine\GoldEngine-Internal\Voxel.h(184,17): warning C4244: '+=': conversión de '__int64' a 'uint32_t'; posible pérdida de datos
  (compilando archivo de origen "EntryPoint.cpp")
  
C:\Users\Carles\source\repos\GoldEngine\GoldEngine-Internal\Voxel.h(185,17): warning C4244: '+=': conversión de '__int64' a 'uint32_t'; posible pérdida de datos
  (compilando archivo de origen "EntryPoint.cpp")
  
C:\Users\Carles\source\repos\GoldEngine\GoldEngine-Internal\Voxel.h(186,17): warning C4244: '+=': conversión de '__int64' a 'uint32_t'; posible pérdida de datos
  (compilando archivo de origen "EntryPoint.cpp")
  
C:\Users\Carles\source\repos\GoldEngine\GoldEngine-Internal\Voxel.h(187,17): warning C4244: '+=': conversión de '__int64' a 'uint32_t'; posible pérdida de datos
  (compilando archivo de origen "EntryPoint.cpp")
  
C:\Users\Carles\source\repos\GoldEngine\GoldEngine-Internal\Voxel.h(203,5): warning C4552: ">>": el resultado de la expresión no se usa
  (compilando archivo de origen "EntryPoint.cpp")
  
C:\Users\Carles\source\repos\GoldEngine\GoldEngine-Internal\Voxel.h(204,8): warning C4804: '>>': uso no seguro del tipo 'bool' en la operación
  (compilando archivo de origen "EntryPoint.cpp")
  
C:\Users\Carles\source\repos\GoldEngine\GoldEngine-Internal\Voxel.h(204,5): warning C4552: ">>": el resultado de la expresión no se usa
  (compilando archivo de origen "EntryPoint.cpp")
  
C:\Users\Carles\source\repos\GoldEngine\GoldEngine-Internal\VoxelMatrix.h(18,21): warning C4018: '<': no coinciden signed/unsigned
  (compilando archivo de origen "EntryPoint.cpp")
  
C:\Users\Carles\source\repos\GoldEngine\GoldEngine-Internal\VoxelMatrix.h(20,22): warning C4018: '<': no coinciden signed/unsigned
  (compilando archivo de origen "EntryPoint.cpp")
  
C:\Users\Carles\source\repos\GoldEngine\GoldEngine-Internal\VoxelMatrix.h(22,23): warning C4018: '<': no coinciden signed/unsigned
  (compilando archivo de origen "EntryPoint.cpp")
  
C:\Users\Carles\source\repos\GoldEngine\GoldEngine-Internal\VoxelRenderer.h(36,30): warning C4018: '<': no coinciden signed/unsigned
  (compilando archivo de origen "EntryPoint.cpp")
  
C:\Users\Carles\source\repos\GoldEngine\GoldEngine-Internal\VoxelRenderer.h(38,31): warning C4018: '<': no coinciden signed/unsigned
  (compilando archivo de origen "EntryPoint.cpp")
  
C:\Users\Carles\source\repos\GoldEngine\GoldEngine-Internal\VoxelRenderer.h(40,32): warning C4018: '<': no coinciden signed/unsigned
  (compilando archivo de origen "EntryPoint.cpp")
  
C:\Users\Carles\source\repos\GoldEngine\GoldEngine-Internal\VoxelRenderer.h(54,30): warning C4018: '<': no coinciden signed/unsigned
  (compilando archivo de origen "EntryPoint.cpp")
  
C:\Users\Carles\source\repos\GoldEngine\GoldEngine-Internal\VoxelRenderer.h(56,31): warning C4018: '<': no coinciden signed/unsigned
  (compilando archivo de origen "EntryPoint.cpp")
  
C:\Users\Carles\source\repos\GoldEngine\GoldEngine-Internal\VoxelRenderer.h(58,32): warning C4018: '<': no coinciden signed/unsigned
  (compilando archivo de origen "EntryPoint.cpp")
  
C:\Users\Carles\source\repos\GoldEngine\GoldEngine-Internal\Objects\BoundingBoxRenderer.h(16,8): warning C4490: 'override': uso incorrecto del especificador de invalidación; 'Engine::EngineObjects::BoundingBoxRenderer::Init' no coincide con un método de clase ref
  (compilando archivo de origen "EntryPoint.cpp")
  C:\Users\Carles\source\repos\GoldEngine\GoldEngine-Internal\Objects\BoundingBoxRenderer.h(16,8):
  'new' U 'override' solamente se permiten cuando existe el correspondiente método de base de una clase ref
  
C:\Users\Carles\source\repos\GoldEngine\GoldEngine-Internal\Objects\CubeRenderer.h(16,8): warning C4490: 'override': uso incorrecto del especificador de invalidación; 'Engine::EngineObjects::CubeRenderer::Init' no coincide con un método de clase ref
  (compilando archivo de origen "EntryPoint.cpp")
  C:\Users\Carles\source\repos\GoldEngine\GoldEngine-Internal\Objects\CubeRenderer.h(16,8):
  'new' U 'override' solamente se permiten cuando existe el correspondiente método de base de una clase ref
  
C:\Users\Carles\source\repos\GoldEngine\GoldEngine-Internal\Objects\CubeRenderer.h(26,11): warning C4838: la conversión de 'unsigned int' en 'unsigned char' requiere una conversión de restricción
  (compilando archivo de origen "EntryPoint.cpp")
  
C:\Users\Carles\source\repos\GoldEngine\GoldEngine-Internal\Objects\CubeRenderer.h(27,11): warning C4838: la conversión de 'unsigned int' en 'unsigned char' requiere una conversión de restricción
  (compilando archivo de origen "EntryPoint.cpp")
  
C:\Users\Carles\source\repos\GoldEngine\GoldEngine-Internal\Objects\CubeRenderer.h(28,11): warning C4838: la conversión de 'unsigned int' en 'unsigned char' requiere una conversión de restricción
  (compilando archivo de origen "EntryPoint.cpp")
  
C:\Users\Carles\source\repos\GoldEngine\GoldEngine-Internal\Objects\GridRenderer.h(18,8): warning C4490: 'override': uso incorrecto del especificador de invalidación; 'Engine::EngineObjects::GridRenderer::Init' no coincide con un método de clase ref
  (compilando archivo de origen "EntryPoint.cpp")
  C:\Users\Carles\source\repos\GoldEngine\GoldEngine-Internal\Objects\GridRenderer.h(18,8):
  'new' U 'override' solamente se permiten cuando existe el correspondiente método de base de una clase ref
  
C:\Users\Carles\source\repos\GoldEngine\GoldEngine-Internal\Objects\Skybox.h(37,8): warning C4490: 'override': uso incorrecto del especificador de invalidación; 'Engine::EngineObjects::Skybox::Init' no coincide con un método de clase ref
  (compilando archivo de origen "EntryPoint.cpp")
  C:\Users\Carles\source\repos\GoldEngine\GoldEngine-Internal\Objects\Skybox.h(37,8):
  'new' U 'override' solamente se permiten cuando existe el correspondiente método de base de una clase ref
  
C:\Users\Carles\source\repos\GoldEngine\GoldEngine-Internal\Objects\LightManager.h(28,24): warning C4244: '=': conversión de 'float' a 'unsigned char'; posible pérdida de datos
  (compilando archivo de origen "EntryPoint.cpp")
  
C:\Users\Carles\source\repos\GoldEngine\GoldEngine-Internal\Objects\LightManager.h(29,24): warning C4244: '=': conversión de 'float' a 'unsigned char'; posible pérdida de datos
  (compilando archivo de origen "EntryPoint.cpp")
  
C:\Users\Carles\source\repos\GoldEngine\GoldEngine-Internal\Objects\LightManager.h(30,24): warning C4244: '=': conversión de 'float' a 'unsigned char'; posible pérdida de datos
  (compilando archivo de origen "EntryPoint.cpp")
  
C:\Users\Carles\source\repos\GoldEngine\GoldEngine-Internal\Objects\LightManager.h(31,24): warning C4244: '=': conversión de 'float' a 'unsigned char'; posible pérdida de datos
  (compilando archivo de origen "EntryPoint.cpp")
  
C:\Users\Carles\source\repos\GoldEngine\GoldEngine-Internal\Objects\LightManager.h(105,8): warning C4490: 'override': uso incorrecto del especificador de invalidación; 'Engine::EngineObjects::LightSource::Init' no coincide con un método de clase ref
  (compilando archivo de origen "EntryPoint.cpp")
  C:\Users\Carles\source\repos\GoldEngine\GoldEngine-Internal\Objects\LightManager.h(105,8):
  'new' U 'override' solamente se permiten cuando existe el correspondiente método de base de una clase ref
  
C:\Users\Carles\source\repos\GoldEngine\GoldEngine-Internal\Objects\LightManager.h(137,8): warning C4490: 'override': uso incorrecto del especificador de invalidación; 'Engine::EngineObjects::LightSource::UpdateLighting' no coincide con un método de clase ref
  (compilando archivo de origen "EntryPoint.cpp")
  C:\Users\Carles\source\repos\GoldEngine\GoldEngine-Internal\Objects\LightManager.h(137,8):
  'new' U 'override' solamente se permiten cuando existe el correspondiente método de base de una clase ref
  
C:\Users\Carles\source\repos\GoldEngine\GoldEngine-Internal\Objects\LightManager.h(182,16): warning C4838: la conversión de 'unsigned int' en 'unsigned char' requiere una conversión de restricción
  (compilando archivo de origen "EntryPoint.cpp")
  
C:\Users\Carles\source\repos\GoldEngine\GoldEngine-Internal\Objects\LightManager.h(183,16): warning C4838: la conversión de 'unsigned int' en 'unsigned char' requiere una conversión de restricción
  (compilando archivo de origen "EntryPoint.cpp")
  
C:\Users\Carles\source\repos\GoldEngine\GoldEngine-Internal\Objects\LightManager.h(184,16): warning C4838: la conversión de 'unsigned int' en 'unsigned char' requiere una conversión de restricción
  (compilando archivo de origen "EntryPoint.cpp")
  
C:\Users\Carles\source\repos\GoldEngine\GoldEngine-Internal\Objects\LightManager.h(361,23): warning C4267: 'inicializando': conversión de 'size_t' a 'int'; posible pérdida de datos
  (compilando archivo de origen "EntryPoint.cpp")
  
C:\Users\Carles\source\repos\GoldEngine\GoldEngine-Internal\Objects\LightManager.h(456,79): warning C4965: conversión boxing implícita de entero 0; utilice nullptr o conversión explícita
  (compilando archivo de origen "EntryPoint.cpp")
  
C:\Users\Carles\source\repos\GoldEngine\GoldEngine-Internal\SceneManager.h(16,3): warning C4677: 'SetAssemblyManager': la signatura de un miembro no privado contiene un tipo privado de ensamblado de 'EngineAssembly'
  (compilando archivo de origen "EntryPoint.cpp")
  C:\Users\Carles\source\repos\GoldEngine\GoldEngine-Internal\AsmLoader.h(5,11):
  vea la declaración de 'EngineAssembly'
  
C:\Users\Carles\source\repos\GoldEngine\GoldEngine-Internal\imgui\Fonts\IconsFontAwesome4.h(8,1): warning C4005: 'ICON_MIN_FA': redefinición de macro
  (compilando archivo de origen "EntryPoint.cpp")
  C:\Users\Carles\source\repos\GoldEngine\GoldEngine-Internal\Raylib\include\IconsFontAwesome6.h(9,1):
  vea la definición anterior de 'ICON_MIN_FA'
  
C:\Users\Carles\source\repos\GoldEngine\GoldEngine-Internal\imgui\Fonts\IconsFontAwesome4.h(9,1): warning C4005: 'ICON_MAX_16_FA': redefinición de macro
  (compilando archivo de origen "EntryPoint.cpp")
  C:\Users\Carles\source\repos\GoldEngine\GoldEngine-Internal\Raylib\include\IconsFontAwesome6.h(10,1):
  vea la definición anterior de 'ICON_MAX_16_FA'
  
C:\Users\Carles\source\repos\GoldEngine\GoldEngine-Internal\imgui\Fonts\IconsFontAwesome4.h(10,1): warning C4005: 'ICON_MAX_FA': redefinición de macro
  (compilando archivo de origen "EntryPoint.cpp")
  C:\Users\Carles\source\repos\GoldEngine\GoldEngine-Internal\Raylib\include\IconsFontAwesome6.h(11,1):
  vea la definición anterior de 'ICON_MAX_FA'
  
C:\Users\Carles\source\repos\GoldEngine\GoldEngine-Internal\imgui\Fonts\IconsFontAwesome4.h(40,1): warning C4005: 'ICON_FA_REPEAT': redefinición de macro
  (compilando archivo de origen "EntryPoint.cpp")
  C:\Users\Carles\source\repos\GoldEngine\GoldEngine-Internal\Raylib\include\IconsFontAwesome6.h(1022,1):
  vea la definición anterior de 'ICON_FA_REPEAT'
  
C:\Users\Carles\source\repos\GoldEngine\GoldEngine-Internal\imgui\Fonts\IconsFontAwesome4.h(71,1): warning C4005: 'ICON_FA_PENCIL': redefinición de macro
  (compilando archivo de origen "EntryPoint.cpp")
  C:\Users\Carles\source\repos\GoldEngine\GoldEngine-Internal\Raylib\include\IconsFontAwesome6.h(905,1):
  vea la definición anterior de 'ICON_FA_PENCIL'
  
C:\Users\Carles\source\repos\GoldEngine\GoldEngine-Internal\imgui\Fonts\IconsFontAwesome4.h(108,1): warning C4005: 'ICON_FA_PLUS': redefinición de macro
  (compilando archivo de origen "EntryPoint.cpp")
  C:\Users\Carles\source\repos\GoldEngine\GoldEngine-Internal\Raylib\include\IconsFontAwesome6.h(991,1):
  vea la definición anterior de 'ICON_FA_PLUS'
  
C:\Users\Carles\source\repos\GoldEngine\GoldEngine-Internal\imgui\Fonts\IconsFontAwesome4.h(110,1): warning C4005: 'ICON_FA_ASTERISK': redefinición de macro
  (compilando archivo de origen "EntryPoint.cpp")
  C:\Users\Carles\source\repos\GoldEngine\GoldEngine-Internal\Raylib\include\IconsFontAwesome6.h(98,1):
  vea la definición anterior de 'ICON_FA_ASTERISK'
  
C:\Users\Carles\source\repos\GoldEngine\GoldEngine-Internal\imgui\Fonts\IconsFontAwesome4.h(119,1): warning C4005: 'ICON_FA_CALENDAR': redefinición de macro
  (compilando archivo de origen "EntryPoint.cpp")
  C:\Users\Carles\source\repos\GoldEngine\GoldEngine-Internal\Raylib\include\IconsFontAwesome6.h(221,1):
  vea la definición anterior de 'ICON_FA_CALENDAR'
  
C:\Users\Carles\source\repos\GoldEngine\GoldEngine-Internal\imgui\Fonts\IconsFontAwesome4.h(219,1): warning C4005: 'ICON_FA_CLIPBOARD': redefinición de macro
  (compilando archivo de origen "EntryPoint.cpp")
  C:\Users\Carles\source\repos\GoldEngine\GoldEngine-Internal\Raylib\include\IconsFontAwesome6.h(326,1):
  vea la definición anterior de 'ICON_FA_CLIPBOARD'
  
C:\Users\Carles\source\repos\GoldEngine\GoldEngine-Internal\imgui\Fonts\IconsFontAwesome4.h(247,1): warning C4005: 'ICON_FA_DESKTOP': redefinición de macro
  (compilando archivo de origen "EntryPoint.cpp")
  C:\Users\Carles\source\repos\GoldEngine\GoldEngine-Internal\Raylib\include\IconsFontAwesome6.h(393,1):
  vea la definición anterior de 'ICON_FA_DESKTOP'
  
C:\Users\Carles\source\repos\GoldEngine\GoldEngine-Internal\imgui\Fonts\IconsFontAwesome4.h(249,1): warning C4005: 'ICON_FA_TABLET': redefinición de macro
  (compilando archivo de origen "EntryPoint.cpp")
  C:\Users\Carles\source\repos\GoldEngine\GoldEngine-Internal\Raylib\include\IconsFontAwesome6.h(1197,1):
  vea la definición anterior de 'ICON_FA_TABLET'
  
C:\Users\Carles\source\repos\GoldEngine\GoldEngine-Internal\imgui\Fonts\IconsFontAwesome4.h(250,1): warning C4005: 'ICON_FA_MOBILE': redefinición de macro
  (compilando archivo de origen "EntryPoint.cpp")
  C:\Users\Carles\source\repos\GoldEngine\GoldEngine-Internal\Raylib\include\IconsFontAwesome6.h(838,1):
  vea la definición anterior de 'ICON_FA_MOBILE'
  
C:\Users\Carles\source\repos\GoldEngine\GoldEngine-Internal\imgui\Fonts\IconsFontAwesome4.h(256,1): warning C4005: 'ICON_FA_REPLY': redefinición de macro
  (compilando archivo de origen "EntryPoint.cpp")
  C:\Users\Carles\source\repos\GoldEngine\GoldEngine-Internal\Raylib\include\IconsFontAwesome6.h(1023,1):
  vea la definición anterior de 'ICON_FA_REPLY'
  
C:\Users\Carles\source\repos\GoldEngine\GoldEngine-Internal\imgui\Fonts\IconsFontAwesome4.h(273,1): warning C4005: 'ICON_FA_CODE_FORK': redefinición de macro
  (compilando archivo de origen "EntryPoint.cpp")
  C:\Users\Carles\source\repos\GoldEngine\GoldEngine-Internal\Raylib\include\IconsFontAwesome6.h(352,1):
  vea la definición anterior de 'ICON_FA_CODE_FORK'
  
C:\Users\Carles\source\repos\GoldEngine\GoldEngine-Internal\imgui\Fonts\IconsFontAwesome4.h(275,1): warning C4005: 'ICON_FA_QUESTION': redefinición de macro
  (compilando archivo de origen "EntryPoint.cpp")
  C:\Users\Carles\source\repos\GoldEngine\GoldEngine-Internal\Raylib\include\IconsFontAwesome6.h(1007,1):
  vea la definición anterior de 'ICON_FA_QUESTION'
  
C:\Users\Carles\source\repos\GoldEngine\GoldEngine-Internal\imgui\Fonts\IconsFontAwesome4.h(277,1): warning C4005: 'ICON_FA_EXCLAMATION': redefinición de macro
  (compilando archivo de origen "EntryPoint.cpp")
  C:\Users\Carles\source\repos\GoldEngine\GoldEngine-Internal\Raylib\include\IconsFontAwesome6.h(457,1):
  vea la definición anterior de 'ICON_FA_EXCLAMATION'
  
C:\Users\Carles\source\repos\GoldEngine\GoldEngine-Internal\imgui\Fonts\IconsFontAwesome4.h(403,1): warning C4005: 'ICON_FA_SPOON': redefinición de macro
  (compilando archivo de origen "EntryPoint.cpp")
  C:\Users\Carles\source\repos\GoldEngine\GoldEngine-Internal\Raylib\include\IconsFontAwesome6.h(1132,1):
  vea la definición anterior de 'ICON_FA_SPOON'
  
C:\Users\Carles\source\repos\GoldEngine\GoldEngine-Internal\imgui\Fonts\IconsFontAwesome4.h(472,1): warning C4005: 'ICON_FA_AT': redefinición de macro
  (compilando archivo de origen "EntryPoint.cpp")
  C:\Users\Carles\source\repos\GoldEngine\GoldEngine-Internal\Raylib\include\IconsFontAwesome6.h(99,1):
  vea la definición anterior de 'ICON_FA_AT'
  
C:\Users\Carles\source\repos\GoldEngine\GoldEngine-Internal\imgui\Fonts\IconsFontAwesome4.h(510,1): warning C4005: 'ICON_FA_TRANSGENDER': redefinición de macro
  (compilando archivo de origen "EntryPoint.cpp")
  C:\Users\Carles\source\repos\GoldEngine\GoldEngine-Internal\Raylib\include\IconsFontAwesome6.h(1258,1):
  vea la definición anterior de 'ICON_FA_TRANSGENDER'
  
C:\Users\Carles\source\repos\GoldEngine\GoldEngine-Internal\imgui\Fonts\IconsFontAwesome4.h(612,1): warning C4005: 'ICON_FA_HASHTAG': redefinición de macro
  (compilando archivo de origen "EntryPoint.cpp")
  C:\Users\Carles\source\repos\GoldEngine\GoldEngine-Internal\Raylib\include\IconsFontAwesome6.h(648,1):
  vea la definición anterior de 'ICON_FA_HASHTAG'
  
C:\Users\Carles\source\repos\GoldEngine\GoldEngine-Internal\imgui\Fonts\IconsFontAwesome4.h(615,1): warning C4005: 'ICON_FA_PERCENT': redefinición de macro
  (compilando archivo de origen "EntryPoint.cpp")
  C:\Users\Carles\source\repos\GoldEngine\GoldEngine-Internal\Raylib\include\IconsFontAwesome6.h(914,1):
  vea la definición anterior de 'ICON_FA_PERCENT'
  
C:\Users\Carles\source\repos\GoldEngine\GoldEngine-Internal\LuaVM.h(116,21): warning C4101: 'ex': variable local sin referencia
  (compilando archivo de origen "EntryPoint.cpp")
  
C:\Users\Carles\source\repos\GoldEngine\GoldEngine-Internal\Objects\LuaScript.h(97,22): warning C4101: 'ex': variable local sin referencia
  (compilando archivo de origen "EntryPoint.cpp")
  
C:\Users\Carles\source\repos\GoldEngine\GoldEngine-Internal\EntryPoint.cpp(2688,15): warning C4490: 'override': uso incorrecto del especificador de invalidación; 'GameWindow::Start' no coincide con un método de clase ref
  C:\Users\Carles\source\repos\GoldEngine\GoldEngine-Internal\EntryPoint.cpp(2688,15):
  'new' U 'override' solamente se permiten cuando existe el correspondiente método de base de una clase ref
  
  Quaternion.cpp
C:\Program Files\Microsoft Visual Studio\2022\Community\VC\Tools\MSVC\14.38.33130\include\bit(11): warning STL4038: The contents of <bit> are available only with C++20 or later.
C:\Users\Carles\source\repos\GoldEngine\GoldEngine-Internal\CastToNative.h(1,1): warning C4005: 'WIN32_LEAN_AND_MEAN': redefinición de macro
  (compilando archivo de origen "Object/Quaternion.cpp")
  C:\Users\Carles\source\repos\GoldEngine\GoldEngine-Internal\Raylib\include\glad.h(30,1):
  vea la definición anterior de 'WIN32_LEAN_AND_MEAN'
  
C:\Users\Carles\source\repos\GoldEngine\GoldEngine-Internal\Cast.h(13,40): warning C4101: 'ex': variable local sin referencia
  (compilando archivo de origen "Object/Quaternion.cpp")
  
C:\Users\Carles\source\repos\GoldEngine\GoldEngine-Internal\Object\Vector2.h(12,4): warning C5030: Atributo [[JsonConstructorAttribute]] no reconocido
  (compilando archivo de origen "Object/Quaternion.cpp")
  
C:\Users\Carles\source\repos\GoldEngine\GoldEngine-Internal\Object\Vector3.h(85,8): warning C4490: 'override': uso incorrecto del especificador de invalidación; 'Engine::Components::Vector3::Equals' no coincide con un método de clase ref
  (compilando archivo de origen "Object/Quaternion.cpp")
  C:\Users\Carles\source\repos\GoldEngine\GoldEngine-Internal\Object\Vector3.h(85,8):
  'new' U 'override' solamente se permiten cuando existe el correspondiente método de base de una clase ref
  
  Vector2.cpp
C:\Program Files\Microsoft Visual Studio\2022\Community\VC\Tools\MSVC\14.38.33130\include\bit(11): warning STL4038: The contents of <bit> are available only with C++20 or later.
C:\Users\Carles\source\repos\GoldEngine\GoldEngine-Internal\CastToNative.h(1,1): warning C4005: 'WIN32_LEAN_AND_MEAN': redefinición de macro
  (compilando archivo de origen "Object/Vector2.cpp")
  C:\Users\Carles\source\repos\GoldEngine\GoldEngine-Internal\Raylib\include\glad.h(30,1):
  vea la definición anterior de 'WIN32_LEAN_AND_MEAN'
  
C:\Users\Carles\source\repos\GoldEngine\GoldEngine-Internal\Cast.h(13,40): warning C4101: 'ex': variable local sin referencia
  (compilando archivo de origen "Object/Vector2.cpp")
  
C:\Users\Carles\source\repos\GoldEngine\GoldEngine-Internal\Object\Vector2.h(12,4): warning C5030: Atributo [[JsonConstructorAttribute]] no reconocido
  (compilando archivo de origen "Object/Vector2.cpp")
  
C:\Users\Carles\source\repos\GoldEngine\GoldEngine-Internal\Object\Vector3.h(85,8): warning C4490: 'override': uso incorrecto del especificador de invalidación; 'Engine::Components::Vector3::Equals' no coincide con un método de clase ref
  (compilando archivo de origen "Object/Vector2.cpp")
  C:\Users\Carles\source\repos\GoldEngine\GoldEngine-Internal\Object\Vector3.h(85,8):
  'new' U 'override' solamente se permiten cuando existe el correspondiente método de base de una clase ref
  
  Vector3.cpp
C:\Program Files\Microsoft Visual Studio\2022\Community\VC\Tools\MSVC\14.38.33130\include\bit(11): warning STL4038: The contents of <bit> are available only with C++20 or later.
C:\Users\Carles\source\repos\GoldEngine\GoldEngine-Internal\CastToNative.h(1,1): warning C4005: 'WIN32_LEAN_AND_MEAN': redefinición de macro
  (compilando archivo de origen "Object/Vector3.cpp")
  C:\Users\Carles\source\repos\GoldEngine\GoldEngine-Internal\Raylib\include\glad.h(30,1):
  vea la definición anterior de 'WIN32_LEAN_AND_MEAN'
  
C:\Users\Carles\source\repos\GoldEngine\GoldEngine-Internal\Cast.h(13,40): warning C4101: 'ex': variable local sin referencia
  (compilando archivo de origen "Object/Vector3.cpp")
  
C:\Users\Carles\source\repos\GoldEngine\GoldEngine-Internal\Object\Vector2.h(12,4): warning C5030: Atributo [[JsonConstructorAttribute]] no reconocido
  (compilando archivo de origen "Object/Vector3.cpp")
  
C:\Users\Carles\source\repos\GoldEngine\GoldEngine-Internal\Object\Vector3.h(85,8): warning C4490: 'override': uso incorrecto del especificador de invalidación; 'Engine::Components::Vector3::Equals' no coincide con un método de clase ref
  (compilando archivo de origen "Object/Vector3.cpp")
  C:\Users\Carles\source\repos\GoldEngine\GoldEngine-Internal\Object\Vector3.h(85,8):
  'new' U 'override' solamente se permiten cuando existe el correspondiente método de base de una clase ref
  
C:\Users\Carles\source\repos\GoldEngine\GoldEngine-Internal\Object\Vector3.cpp(31,24): warning C4244: 'argumento': conversión de 'float' a 'unsigned int'; posible pérdida de datos
  Generando código...
C:\Users\Carles\source\repos\GoldEngine\GoldEngine-Internal\Object\Transform.h(206): warning C4715: 'Engine::Internal::Components::Object::ToObjectType<`generic-method-parameter-4095'>': no todas las rutas de acceso de control devuelven un valor
C:\Users\Carles\source\repos\GoldEngine\GoldEngine-Internal\Object\Transform.h(206): warning C4715: 'Engine::Internal::Components::Object::ToObjectType<`generic-method-parameter-4095'>': no todas las rutas de acceso de control devuelven un valor
C:\Users\Carles\source\repos\GoldEngine\GoldEngine-Internal\Object\Transform.h(206): warning C4715: 'Engine::Internal::Components::Object::ToObjectType<`generic-method-parameter-4095'>': no todas las rutas de acceso de control devuelven un valor
C:\Users\Carles\source\repos\GoldEngine\GoldEngine-Internal\DataPack.h(278): warning C4715: 'Engine::Assets::Management::DataPack::hasAsset': no todas las rutas de acceso de control devuelven un valor
C:\Users\Carles\source\repos\GoldEngine\GoldEngine-Internal\Objects\LightManager.h(430): warning C4172: devolución de dirección de la variable local o temporal: count
C:\Users\Carles\source\repos\GoldEngine\GoldEngine-Internal\AsmLoader.h(228): warning C4715: 'EngineAssembly::Create': no todas las rutas de acceso de control devuelven un valor
C:\Users\Carles\source\repos\GoldEngine\GoldEngine-Internal\InputManager.h(153): warning C4717: 'Engine::Scripting::InputManager::GetMousePosition': recursiva para todas las rutas de acceso de control; la función provocará el desbordamiento de la pila en tiempo de ejecución
C:\Users\Carles\source\repos\GoldEngine\GoldEngine-Internal\ObjectManager.h(232): warning C4715: 'Engine::Scripting::ObjectManager::GetFirstObjectOfType': no todas las rutas de acceso de control devuelven un valor
C:\Users\Carles\source\repos\GoldEngine\GoldEngine-Internal\ObjectManager.h(247): warning C4715: 'Engine::Scripting::ObjectManager::GetFirstObjectOfType<`generic-method-parameter-4095'>': no todas las rutas de acceso de control devuelven un valor
C:\Users\Carles\source\repos\GoldEngine\GoldEngine-Internal\ObjectManager.h(261): warning C4715: 'Engine::Scripting::ObjectManager::GetFirstObjectOfType': no todas las rutas de acceso de control devuelven un valor
C:\Users\Carles\source\repos\GoldEngine\GoldEngine-Internal\ObjectManager.h(275): warning C4715: 'Engine::Scripting::ObjectManager::GetFirstObjectOfType': no todas las rutas de acceso de control devuelven un valor
C:\Users\Carles\source\repos\GoldEngine\GoldEngine-Internal\Object\Transform.h(206): warning C4715: 'Engine::Internal::Components::Object::ToObjectType<`generic-method-parameter-4095'>': no todas las rutas de acceso de control devuelven un valor
C:\Users\Carles\source\repos\GoldEngine\GoldEngine-Internal\DataPack.h(325): warning C4715: 'Engine::Assets::Management::DataPack::hasAsset': no todas las rutas de acceso de control devuelven un valor
C:\Users\Carles\source\repos\GoldEngine\GoldEngine-Internal\LuaVM.h(120): warning C4715: 'Engine::Lua::VM::LuaVM::ReadFromFile': no todas las rutas de acceso de control devuelven un valor
C:\Users\Carles\source\repos\GoldEngine\GoldEngine-Internal\DataPacks.h(313): warning C4172: devolución de dirección de la variable local o temporal: shader
  AssemblyInfo.obj : se encontró un módulo MSIL; vinculación incremental deshabilitada para MSIL; ejecutando vínculo completo
  GoldEngine-Internal.vcxproj -> C:\Users\Carles\source\repos\GoldEngine\Build\x64\PlaybackEngine_Release\GoldEngine-Internal.exe
