c:\users\carles\source\repos\goldengine\goldengine-internal\x64\release\vc143.pdb
c:\users\carles\source\repos\goldengine\goldengine-internal\x64\release\.netcoreapp,version=v7.0.assemblyattributes.obj
c:\users\carles\source\repos\goldengine\goldengine-internal\x64\release\transform.obj
c:\users\carles\source\repos\goldengine\goldengine-internal\x64\release\scriptsandbox.obj
c:\users\carles\source\repos\goldengine\goldengine-internal\x64\release\window.obj
c:\users\carles\source\repos\goldengine\goldengine-internal\x64\release\rlimgui.obj
c:\users\carles\source\repos\goldengine\goldengine-internal\x64\release\object.obj
c:\users\carles\source\repos\goldengine\goldengine-internal\x64\release\imgui_widgets.obj
c:\users\carles\source\repos\goldengine\goldengine-internal\x64\release\imgui_tables.obj
c:\users\carles\source\repos\goldengine\goldengine-internal\x64\release\imgui_draw.obj
c:\users\carles\source\repos\goldengine\goldengine-internal\x64\release\imgui_demo.obj
c:\users\carles\source\repos\goldengine\goldengine-internal\x64\release\imgui.obj
c:\users\carles\source\repos\goldengine\goldengine-internal\x64\release\drawing.obj
c:\users\carles\source\repos\goldengine\goldengine-internal\x64\release\datapacks.obj
c:\users\carles\source\repos\goldengine\goldengine-internal\x64\release\casttonative.obj
c:\users\carles\source\repos\goldengine\goldengine-internal\x64\release\assemblyinfo.obj
c:\users\carles\source\repos\goldengine\x64\release\data\engine\models\error.mtl
c:\users\carles\source\repos\goldengine\x64\release\data\engine\models\error.obj
c:\users\carles\source\repos\goldengine\x64\release\data\engine\shaders\base.fs
c:\users\carles\source\repos\goldengine\x64\release\data\engine\shaders\base.vs
c:\users\carles\source\repos\goldengine\x64\release\data\engine\shaders\lighting.fs
c:\users\carles\source\repos\goldengine\x64\release\data\engine\shaders\lighting.vs
c:\users\carles\source\repos\goldengine\x64\release\data\engine\shaders\brdf.fs
c:\users\carles\source\repos\goldengine\x64\release\data\engine\shaders\brdf.vs
c:\users\carles\source\repos\goldengine\x64\release\data\engine\shaders\cubemap.fs
c:\users\carles\source\repos\goldengine\x64\release\data\engine\shaders\cubemap.vs
c:\users\carles\source\repos\goldengine\x64\release\data\engine\shaders\irradiance.fs
c:\users\carles\source\repos\goldengine\x64\release\data\engine\shaders\pbr.fs
c:\users\carles\source\repos\goldengine\x64\release\data\engine\shaders\pbr.vs
c:\users\carles\source\repos\goldengine\x64\release\data\engine\shaders\postfx.fs
c:\users\carles\source\repos\goldengine\x64\release\data\engine\shaders\postfx.vs
c:\users\carles\source\repos\goldengine\x64\release\data\engine\shaders\prefilter.fs
c:\users\carles\source\repos\goldengine\x64\release\data\engine\shaders\skybox.fs
c:\users\carles\source\repos\goldengine\x64\release\data\engine\shaders\skybox.vs
c:\users\carles\source\repos\goldengine\x64\release\data\engine\skybox\default.hdr
c:\users\carles\source\repos\goldengine\goldengine-internal\x64\release\app.res
c:\users\carles\source\repos\goldengine\goldengine-internal\x64\release\goldengine-internal.assets.cache
c:\users\carles\source\repos\goldengine\x64\release\goldengine-internal.pdb
c:\users\carles\source\repos\goldengine\goldengine-internal\x64\release\goldengi.564d6646.tlog\cl.command.1.tlog
c:\users\carles\source\repos\goldengine\goldengine-internal\x64\release\goldengi.564d6646.tlog\cl.items.tlog
c:\users\carles\source\repos\goldengine\goldengine-internal\x64\release\goldengi.564d6646.tlog\cl.read.1.tlog
c:\users\carles\source\repos\goldengine\goldengine-internal\x64\release\goldengi.564d6646.tlog\cl.write.1.tlog
c:\users\carles\source\repos\goldengine\goldengine-internal\x64\release\goldengi.564d6646.tlog\copyfile.command.1.tlog
c:\users\carles\source\repos\goldengine\goldengine-internal\x64\release\goldengi.564d6646.tlog\copyfile.read.1.tlog
c:\users\carles\source\repos\goldengine\goldengine-internal\x64\release\goldengi.564d6646.tlog\copyfile.write.1.tlog
c:\users\carles\source\repos\goldengine\goldengine-internal\x64\release\goldengi.564d6646.tlog\link.13512-cvtres.read.1.tlog
c:\users\carles\source\repos\goldengine\goldengine-internal\x64\release\goldengi.564d6646.tlog\link.13512-cvtres.write.1.tlog
c:\users\carles\source\repos\goldengine\goldengine-internal\x64\release\goldengi.564d6646.tlog\link.13512-rc.read.1.tlog
c:\users\carles\source\repos\goldengine\goldengine-internal\x64\release\goldengi.564d6646.tlog\link.13512-rc.write.1.tlog
c:\users\carles\source\repos\goldengine\goldengine-internal\x64\release\goldengi.564d6646.tlog\link.13512.read.1.tlog
c:\users\carles\source\repos\goldengine\goldengine-internal\x64\release\goldengi.564d6646.tlog\link.13512.read.2.tlog
c:\users\carles\source\repos\goldengine\goldengine-internal\x64\release\goldengi.564d6646.tlog\link.13512.write.1.tlog
c:\users\carles\source\repos\goldengine\goldengine-internal\x64\release\goldengi.564d6646.tlog\link.20160-cvtres.read.1.tlog
c:\users\carles\source\repos\goldengine\goldengine-internal\x64\release\goldengi.564d6646.tlog\link.20160-cvtres.write.1.tlog
c:\users\carles\source\repos\goldengine\goldengine-internal\x64\release\goldengi.564d6646.tlog\link.20160-rc.read.1.tlog
c:\users\carles\source\repos\goldengine\goldengine-internal\x64\release\goldengi.564d6646.tlog\link.20160-rc.write.1.tlog
c:\users\carles\source\repos\goldengine\goldengine-internal\x64\release\goldengi.564d6646.tlog\link.20160.read.1.tlog
c:\users\carles\source\repos\goldengine\goldengine-internal\x64\release\goldengi.564d6646.tlog\link.20160.read.2.tlog
c:\users\carles\source\repos\goldengine\goldengine-internal\x64\release\goldengi.564d6646.tlog\link.20160.write.1.tlog
c:\users\carles\source\repos\goldengine\goldengine-internal\x64\release\goldengi.564d6646.tlog\link.29040-cvtres.read.1.tlog
c:\users\carles\source\repos\goldengine\goldengine-internal\x64\release\goldengi.564d6646.tlog\link.29040-cvtres.write.1.tlog
c:\users\carles\source\repos\goldengine\goldengine-internal\x64\release\goldengi.564d6646.tlog\link.29040-rc.read.1.tlog
c:\users\carles\source\repos\goldengine\goldengine-internal\x64\release\goldengi.564d6646.tlog\link.29040-rc.write.1.tlog
c:\users\carles\source\repos\goldengine\goldengine-internal\x64\release\goldengi.564d6646.tlog\link.29040.read.1.tlog
c:\users\carles\source\repos\goldengine\goldengine-internal\x64\release\goldengi.564d6646.tlog\link.29040.read.2.tlog
c:\users\carles\source\repos\goldengine\goldengine-internal\x64\release\goldengi.564d6646.tlog\link.29040.write.1.tlog
c:\users\carles\source\repos\goldengine\goldengine-internal\x64\release\goldengi.564d6646.tlog\link.command.1.tlog
c:\users\carles\source\repos\goldengine\goldengine-internal\x64\release\goldengi.564d6646.tlog\link.read.1.tlog
c:\users\carles\source\repos\goldengine\goldengine-internal\x64\release\goldengi.564d6646.tlog\link.read.2.tlog
c:\users\carles\source\repos\goldengine\goldengine-internal\x64\release\goldengi.564d6646.tlog\link.write.1.tlog
c:\users\carles\source\repos\goldengine\goldengine-internal\x64\release\goldengi.564d6646.tlog\rc.command.1.tlog
c:\users\carles\source\repos\goldengine\goldengine-internal\x64\release\goldengi.564d6646.tlog\rc.read.1.tlog
c:\users\carles\source\repos\goldengine\goldengine-internal\x64\release\goldengi.564d6646.tlog\rc.write.1.tlog
