c:\users\carles\source\repos\goldengine\goldengine-internal\release\vc143.pdb
c:\users\carles\source\repos\goldengine\goldengine-internal\release\.netcoreapp,version=v7.0.assemblyattributes.obj
c:\users\carles\source\repos\goldengine\goldengine-internal\release\transform.obj
c:\users\carles\source\repos\goldengine\goldengine-internal\release\scriptsandbox.obj
c:\users\carles\source\repos\goldengine\goldengine-internal\release\window.obj
c:\users\carles\source\repos\goldengine\goldengine-internal\release\rlimgui.obj
c:\users\carles\source\repos\goldengine\goldengine-internal\release\object.obj
c:\users\carles\source\repos\goldengine\goldengine-internal\release\imgui_widgets.obj
c:\users\carles\source\repos\goldengine\goldengine-internal\release\imgui_tables.obj
c:\users\carles\source\repos\goldengine\goldengine-internal\release\imgui_draw.obj
c:\users\carles\source\repos\goldengine\goldengine-internal\release\imgui_demo.obj
c:\users\carles\source\repos\goldengine\goldengine-internal\release\imgui.obj
c:\users\carles\source\repos\goldengine\goldengine-internal\release\drawing.obj
c:\users\carles\source\repos\goldengine\goldengine-internal\release\datapacks.obj
c:\users\carles\source\repos\goldengine\goldengine-internal\release\casttonative.obj
c:\users\carles\source\repos\goldengine\goldengine-internal\release\assemblyinfo.obj
c:\users\carles\source\repos\goldengine\release\data\engine\models\error.mtl
c:\users\carles\source\repos\goldengine\release\data\engine\models\error.obj
c:\users\carles\source\repos\goldengine\release\data\engine\shaders\base.fs
c:\users\carles\source\repos\goldengine\release\data\engine\shaders\base.vs
c:\users\carles\source\repos\goldengine\release\data\engine\shaders\lighting.fs
c:\users\carles\source\repos\goldengine\release\data\engine\shaders\lighting.vs
c:\users\carles\source\repos\goldengine\release\data\engine\shaders\brdf.fs
c:\users\carles\source\repos\goldengine\release\data\engine\shaders\brdf.vs
c:\users\carles\source\repos\goldengine\release\data\engine\shaders\cubemap.fs
c:\users\carles\source\repos\goldengine\release\data\engine\shaders\cubemap.vs
c:\users\carles\source\repos\goldengine\release\data\engine\shaders\irradiance.fs
c:\users\carles\source\repos\goldengine\release\data\engine\shaders\pbr.fs
c:\users\carles\source\repos\goldengine\release\data\engine\shaders\pbr.vs
c:\users\carles\source\repos\goldengine\release\data\engine\shaders\postfx.fs
c:\users\carles\source\repos\goldengine\release\data\engine\shaders\postfx.vs
c:\users\carles\source\repos\goldengine\release\data\engine\shaders\prefilter.fs
c:\users\carles\source\repos\goldengine\release\data\engine\shaders\skybox.fs
c:\users\carles\source\repos\goldengine\release\data\engine\shaders\skybox.vs
c:\users\carles\source\repos\goldengine\release\data\engine\skybox\default.hdr
c:\users\carles\source\repos\goldengine\release\raylib_x64.dll
c:\users\carles\source\repos\goldengine\release\raylib_x86.dll
c:\users\carles\source\repos\goldengine\release\goldengine-internal.dll
c:\users\carles\source\repos\goldengine\release\goldengine-internal.pdb
c:\users\carles\source\repos\goldengine\goldengine-internal\release\app.res
c:\users\carles\source\repos\goldengine\goldengine-internal\release\goldengine-internal.assets.cache
c:\users\carles\source\repos\goldengine\goldengine-internal\release\goldengi.564d6646.tlog\cl.command.1.tlog
c:\users\carles\source\repos\goldengine\goldengine-internal\release\goldengi.564d6646.tlog\cl.items.tlog
c:\users\carles\source\repos\goldengine\goldengine-internal\release\goldengi.564d6646.tlog\cl.read.1.tlog
c:\users\carles\source\repos\goldengine\goldengine-internal\release\goldengi.564d6646.tlog\cl.write.1.tlog
c:\users\carles\source\repos\goldengine\goldengine-internal\release\goldengi.564d6646.tlog\copyfile.command.1.tlog
c:\users\carles\source\repos\goldengine\goldengine-internal\release\goldengi.564d6646.tlog\copyfile.read.1.tlog
c:\users\carles\source\repos\goldengine\goldengine-internal\release\goldengi.564d6646.tlog\copyfile.write.1.tlog
c:\users\carles\source\repos\goldengine\goldengine-internal\release\goldengi.564d6646.tlog\link.command.1.tlog
c:\users\carles\source\repos\goldengine\goldengine-internal\release\goldengi.564d6646.tlog\link.read.1.tlog
c:\users\carles\source\repos\goldengine\goldengine-internal\release\goldengi.564d6646.tlog\link.write.1.tlog
c:\users\carles\source\repos\goldengine\goldengine-internal\release\goldengi.564d6646.tlog\rc.command.1.tlog
c:\users\carles\source\repos\goldengine\goldengine-internal\release\goldengi.564d6646.tlog\rc.read.1.tlog
c:\users\carles\source\repos\goldengine\goldengine-internal\release\goldengi.564d6646.tlog\rc.write.1.tlog
