  AssemblyInfo.cpp
  CastToNative.cpp
  DataPacks.cpp
  Drawing.cpp
C:\Users\Carles\source\repos\GoldEngine\GoldEngine-Internal\Raylib\include\rPBR.h(567,64): warning C4244: 'argumento': conversión de 'unsigned int' a 'float'; posible pérdida de datos
  (compilando archivo de origen "Drawing.cpp")
  
C:\Users\Carles\source\repos\GoldEngine\GoldEngine-Internal\Raylib\include\rPBR.h(567,35): warning C4244: 'inicializando': conversión de 'float' a 'unsigned int'; posible pérdida de datos
  (compilando archivo de origen "Drawing.cpp")
  
C:\Users\Carles\source\repos\GoldEngine\GoldEngine-Internal\Raylib\include\rPBR.h(568,65): warning C4244: 'argumento': conversión de 'unsigned int' a 'float'; posible pérdida de datos
  (compilando archivo de origen "Drawing.cpp")
  
C:\Users\Carles\source\repos\GoldEngine\GoldEngine-Internal\Raylib\include\rPBR.h(568,36): warning C4244: 'inicializando': conversión de 'float' a 'unsigned int'; posible pérdida de datos
  (compilando archivo de origen "Drawing.cpp")
  
C:\Users\Carles\source\repos\GoldEngine\GoldEngine-Internal\CastToNative.h(1,1): warning C4005: 'WIN32_LEAN_AND_MEAN': redefinición de macro
  (compilando archivo de origen "Drawing.cpp")
  C:\Users\Carles\source\repos\GoldEngine\GoldEngine-Internal\Raylib\include\glad.h(30,1):
  vea la definición anterior de 'WIN32_LEAN_AND_MEAN'
  
  imgui.cpp
  imgui_demo.cpp
  imgui_draw.cpp
  imgui_tables.cpp
  imgui_widgets.cpp
  Object.cpp
  rlImGui.cpp
  Window.cpp
  ScriptSandbox.cpp
  Transform.cpp
  .NETCoreApp,Version=v7.0.AssemblyAttributes.cpp
  Generando código...
C:\Users\Carles\source\repos\GoldEngine\GoldEngine-Internal\imgui\imgui_widgets.cpp(368): warning C4793: 'ImGui::BulletText': función compilada como nativa :
  	varargs no admitidos en /clr
C:\Users\Carles\source\repos\GoldEngine\GoldEngine-Internal\imgui\imgui_widgets.cpp(370): warning C4793: 'ImGui::BulletText': función compilada como nativa :
  	Se encontró un elemento intrínseco no admitido en código administrado
C:\Users\Carles\source\repos\GoldEngine\GoldEngine-Internal\imgui\imgui_widgets.cpp(372): warning C4793: 'ImGui::BulletText': función compilada como nativa :
  	Se encontró un elemento intrínseco no admitido en código administrado
C:\Users\Carles\source\repos\GoldEngine\GoldEngine-Internal\imgui\imgui_widgets.cpp(262): warning C4793: 'ImGui::Text': función compilada como nativa :
  	varargs no admitidos en /clr
C:\Users\Carles\source\repos\GoldEngine\GoldEngine-Internal\imgui\imgui_widgets.cpp(264): warning C4793: 'ImGui::Text': función compilada como nativa :
  	Se encontró un elemento intrínseco no admitido en código administrado
C:\Users\Carles\source\repos\GoldEngine\GoldEngine-Internal\imgui\imgui_widgets.cpp(266): warning C4793: 'ImGui::Text': función compilada como nativa :
  	Se encontró un elemento intrínseco no admitido en código administrado
C:\Users\Carles\source\repos\GoldEngine\GoldEngine-Internal\imgui\imgui_widgets.cpp(281): warning C4793: 'ImGui::TextColored': función compilada como nativa :
  	varargs no admitidos en /clr
C:\Users\Carles\source\repos\GoldEngine\GoldEngine-Internal\imgui\imgui_widgets.cpp(283): warning C4793: 'ImGui::TextColored': función compilada como nativa :
  	Se encontró un elemento intrínseco no admitido en código administrado
C:\Users\Carles\source\repos\GoldEngine\GoldEngine-Internal\imgui\imgui_widgets.cpp(285): warning C4793: 'ImGui::TextColored': función compilada como nativa :
  	Se encontró un elemento intrínseco no admitido en código administrado
C:\Users\Carles\source\repos\GoldEngine\GoldEngine-Internal\imgui\imgui_widgets.cpp(296): warning C4793: 'ImGui::TextDisabled': función compilada como nativa :
  	varargs no admitidos en /clr
C:\Users\Carles\source\repos\GoldEngine\GoldEngine-Internal\imgui\imgui_widgets.cpp(298): warning C4793: 'ImGui::TextDisabled': función compilada como nativa :
  	Se encontró un elemento intrínseco no admitido en código administrado
C:\Users\Carles\source\repos\GoldEngine\GoldEngine-Internal\imgui\imgui_widgets.cpp(300): warning C4793: 'ImGui::TextDisabled': función compilada como nativa :
  	Se encontró un elemento intrínseco no admitido en código administrado
C:\Users\Carles\source\repos\GoldEngine\GoldEngine-Internal\imgui\imgui_widgets.cpp(312): warning C4793: 'ImGui::TextWrapped': función compilada como nativa :
  	varargs no admitidos en /clr
C:\Users\Carles\source\repos\GoldEngine\GoldEngine-Internal\imgui\imgui_widgets.cpp(314): warning C4793: 'ImGui::TextWrapped': función compilada como nativa :
  	Se encontró un elemento intrínseco no admitido en código administrado
C:\Users\Carles\source\repos\GoldEngine\GoldEngine-Internal\imgui\imgui_widgets.cpp(316): warning C4793: 'ImGui::TextWrapped': función compilada como nativa :
  	Se encontró un elemento intrínseco no admitido en código administrado
C:\Users\Carles\source\repos\GoldEngine\GoldEngine-Internal\imgui\imgui_widgets.cpp(331): warning C4793: 'ImGui::LabelText': función compilada como nativa :
  	varargs no admitidos en /clr
C:\Users\Carles\source\repos\GoldEngine\GoldEngine-Internal\imgui\imgui_widgets.cpp(333): warning C4793: 'ImGui::LabelText': función compilada como nativa :
  	Se encontró un elemento intrínseco no admitido en código administrado
C:\Users\Carles\source\repos\GoldEngine\GoldEngine-Internal\imgui\imgui_widgets.cpp(335): warning C4793: 'ImGui::LabelText': función compilada como nativa :
  	Se encontró un elemento intrínseco no admitido en código administrado
C:\Users\Carles\source\repos\GoldEngine\GoldEngine-Internal\imgui\imgui_widgets.cpp(6016): warning C4793: 'ImGui::TreeNode': función compilada como nativa :
  	varargs no admitidos en /clr
C:\Users\Carles\source\repos\GoldEngine\GoldEngine-Internal\imgui\imgui_widgets.cpp(6018): warning C4793: 'ImGui::TreeNode': función compilada como nativa :
  	Se encontró un elemento intrínseco no admitido en código administrado
C:\Users\Carles\source\repos\GoldEngine\GoldEngine-Internal\imgui\imgui_widgets.cpp(6020): warning C4793: 'ImGui::TreeNode': función compilada como nativa :
  	Se encontró un elemento intrínseco no admitido en código administrado
C:\Users\Carles\source\repos\GoldEngine\GoldEngine-Internal\imgui\imgui_widgets.cpp(6025): warning C4793: 'ImGui::TreeNode': función compilada como nativa :
  	varargs no admitidos en /clr
C:\Users\Carles\source\repos\GoldEngine\GoldEngine-Internal\imgui\imgui_widgets.cpp(6027): warning C4793: 'ImGui::TreeNode': función compilada como nativa :
  	Se encontró un elemento intrínseco no admitido en código administrado
C:\Users\Carles\source\repos\GoldEngine\GoldEngine-Internal\imgui\imgui_widgets.cpp(6029): warning C4793: 'ImGui::TreeNode': función compilada como nativa :
  	Se encontró un elemento intrínseco no admitido en código administrado
C:\Users\Carles\source\repos\GoldEngine\GoldEngine-Internal\imgui\imgui_widgets.cpp(6061): warning C4793: 'ImGui::TreeNodeEx': función compilada como nativa :
  	varargs no admitidos en /clr
C:\Users\Carles\source\repos\GoldEngine\GoldEngine-Internal\imgui\imgui_widgets.cpp(6063): warning C4793: 'ImGui::TreeNodeEx': función compilada como nativa :
  	Se encontró un elemento intrínseco no admitido en código administrado
C:\Users\Carles\source\repos\GoldEngine\GoldEngine-Internal\imgui\imgui_widgets.cpp(6065): warning C4793: 'ImGui::TreeNodeEx': función compilada como nativa :
  	Se encontró un elemento intrínseco no admitido en código administrado
C:\Users\Carles\source\repos\GoldEngine\GoldEngine-Internal\imgui\imgui_widgets.cpp(6070): warning C4793: 'ImGui::TreeNodeEx': función compilada como nativa :
  	varargs no admitidos en /clr
C:\Users\Carles\source\repos\GoldEngine\GoldEngine-Internal\imgui\imgui_widgets.cpp(6072): warning C4793: 'ImGui::TreeNodeEx': función compilada como nativa :
  	Se encontró un elemento intrínseco no admitido en código administrado
C:\Users\Carles\source\repos\GoldEngine\GoldEngine-Internal\imgui\imgui_widgets.cpp(6074): warning C4793: 'ImGui::TreeNodeEx': función compilada como nativa :
  	Se encontró un elemento intrínseco no admitido en código administrado
C:\Users\Carles\source\repos\GoldEngine\GoldEngine-Internal\imgui\imgui_internal.h(460): warning C4793: '`anonymous namespace'::ImRsqrt': función compilada como nativa :
  	Se encontró un elemento intrínseco no admitido en código administrado
C:\Users\Carles\source\repos\GoldEngine\GoldEngine-Internal\imgui\imgui_internal.h(460): warning C4793: '`anonymous namespace'::ImRsqrt': función compilada como nativa :
  	Se encontró un elemento intrínseco no admitido en código administrado
C:\Users\Carles\source\repos\GoldEngine\GoldEngine-Internal\imgui\imgui_internal.h(460): warning C4793: '`anonymous namespace'::ImRsqrt': función compilada como nativa :
  	Se encontró un elemento intrínseco no admitido en código administrado
C:\Users\Carles\source\repos\GoldEngine\GoldEngine-Internal\imgui\imgui_demo.cpp(7053): warning C4793: 'ExampleAppConsole::AddLog': función compilada como nativa :
  	varargs no admitidos en /clr
C:\Users\Carles\source\repos\GoldEngine\GoldEngine-Internal\imgui\imgui_demo.cpp(7057): warning C4793: 'ExampleAppConsole::AddLog': función compilada como nativa :
  	Se encontró un elemento intrínseco no admitido en código administrado
C:\Users\Carles\source\repos\GoldEngine\GoldEngine-Internal\imgui\imgui_demo.cpp(7060): warning C4793: 'ExampleAppConsole::AddLog': función compilada como nativa :
  	Se encontró un elemento intrínseco no admitido en código administrado
C:\Users\Carles\source\repos\GoldEngine\GoldEngine-Internal\imgui\imgui_demo.cpp(7390): warning C4793: 'ExampleAppLog::AddLog': función compilada como nativa :
  	varargs no admitidos en /clr
C:\Users\Carles\source\repos\GoldEngine\GoldEngine-Internal\imgui\imgui_demo.cpp(7393): warning C4793: 'ExampleAppLog::AddLog': función compilada como nativa :
  	Se encontró un elemento intrínseco no admitido en código administrado
C:\Users\Carles\source\repos\GoldEngine\GoldEngine-Internal\imgui\imgui_demo.cpp(7395): warning C4793: 'ExampleAppLog::AddLog': función compilada como nativa :
  	Se encontró un elemento intrínseco no admitido en código administrado
C:\Users\Carles\source\repos\GoldEngine\GoldEngine-Internal\imgui\imgui.cpp(1959): warning C4793: 'ImFormatString': función compilada como nativa :
  	varargs no admitidos en /clr
C:\Users\Carles\source\repos\GoldEngine\GoldEngine-Internal\imgui\imgui.cpp(1961): warning C4793: 'ImFormatString': función compilada como nativa :
  	Se encontró un elemento intrínseco no admitido en código administrado
C:\Users\Carles\source\repos\GoldEngine\GoldEngine-Internal\imgui\imgui.cpp(1967): warning C4793: 'ImFormatString': función compilada como nativa :
  	Se encontró un elemento intrínseco no admitido en código administrado
C:\Users\Carles\source\repos\GoldEngine\GoldEngine-Internal\imgui\imgui.cpp(1993): warning C4793: 'ImFormatStringToTempBuffer': función compilada como nativa :
  	varargs no admitidos en /clr
C:\Users\Carles\source\repos\GoldEngine\GoldEngine-Internal\imgui\imgui.cpp(1995): warning C4793: 'ImFormatStringToTempBuffer': función compilada como nativa :
  	Se encontró un elemento intrínseco no admitido en código administrado
C:\Users\Carles\source\repos\GoldEngine\GoldEngine-Internal\imgui\imgui.cpp(1997): warning C4793: 'ImFormatStringToTempBuffer': función compilada como nativa :
  	Se encontró un elemento intrínseco no admitido en código administrado
C:\Users\Carles\source\repos\GoldEngine\GoldEngine-Internal\imgui\imgui.cpp(2725): warning C4793: 'ImGuiTextBuffer::appendf': función compilada como nativa :
  	varargs no admitidos en /clr
C:\Users\Carles\source\repos\GoldEngine\GoldEngine-Internal\imgui\imgui.cpp(2727): warning C4793: 'ImGuiTextBuffer::appendf': función compilada como nativa :
  	Se encontró un elemento intrínseco no admitido en código administrado
C:\Users\Carles\source\repos\GoldEngine\GoldEngine-Internal\imgui\imgui.cpp(2729): warning C4793: 'ImGuiTextBuffer::appendf': función compilada como nativa :
  	Se encontró un elemento intrínseco no admitido en código administrado
C:\Users\Carles\source\repos\GoldEngine\GoldEngine-Internal\imgui\imgui.cpp(2005): warning C4793: 'ImFormatStringToTempBufferV': función compilada como nativa :
  	Se encontró un elemento intrínseco no admitido en código administrado
C:\Users\Carles\source\repos\GoldEngine\GoldEngine-Internal\imgui\imgui.cpp(2013): warning C4793: 'ImFormatStringToTempBufferV': función compilada como nativa :
  	Se encontró un elemento intrínseco no admitido en código administrado
C:\Users\Carles\source\repos\GoldEngine\GoldEngine-Internal\imgui\imgui.cpp(2014): warning C4793: 'ImFormatStringToTempBufferV': función compilada como nativa :
  	Se encontró un elemento intrínseco no admitido en código administrado
C:\Users\Carles\source\repos\GoldEngine\GoldEngine-Internal\imgui\imgui.cpp(2741): warning C4793: 'ImGuiTextBuffer::appendfv': función compilada como nativa :
  	Se encontró un elemento intrínseco no admitido en código administrado
C:\Users\Carles\source\repos\GoldEngine\GoldEngine-Internal\imgui\imgui.cpp(2756): warning C4793: 'ImGuiTextBuffer::appendfv': función compilada como nativa :
  	Se encontró un elemento intrínseco no admitido en código administrado
C:\Users\Carles\source\repos\GoldEngine\GoldEngine-Internal\imgui\imgui.cpp(13596): warning C4793: 'ImGui::LogText': función compilada como nativa :
  	varargs no admitidos en /clr
C:\Users\Carles\source\repos\GoldEngine\GoldEngine-Internal\imgui\imgui.cpp(13602): warning C4793: 'ImGui::LogText': función compilada como nativa :
  	Se encontró un elemento intrínseco no admitido en código administrado
C:\Users\Carles\source\repos\GoldEngine\GoldEngine-Internal\imgui\imgui.cpp(13604): warning C4793: 'ImGui::LogText': función compilada como nativa :
  	Se encontró un elemento intrínseco no admitido en código administrado
C:\Users\Carles\source\repos\GoldEngine\GoldEngine-Internal\imgui\imgui.cpp(11098): warning C4793: 'ImGui::SetItemTooltip': función compilada como nativa :
  	varargs no admitidos en /clr
C:\Users\Carles\source\repos\GoldEngine\GoldEngine-Internal\imgui\imgui.cpp(11100): warning C4793: 'ImGui::SetItemTooltip': función compilada como nativa :
  	Se encontró un elemento intrínseco no admitido en código administrado
C:\Users\Carles\source\repos\GoldEngine\GoldEngine-Internal\imgui\imgui.cpp(11103): warning C4793: 'ImGui::SetItemTooltip': función compilada como nativa :
  	Se encontró un elemento intrínseco no admitido en código administrado
C:\Users\Carles\source\repos\GoldEngine\GoldEngine-Internal\imgui\imgui.cpp(11080): warning C4793: 'ImGui::SetTooltip': función compilada como nativa :
  	varargs no admitidos en /clr
C:\Users\Carles\source\repos\GoldEngine\GoldEngine-Internal\imgui\imgui.cpp(11082): warning C4793: 'ImGui::SetTooltip': función compilada como nativa :
  	Se encontró un elemento intrínseco no admitido en código administrado
C:\Users\Carles\source\repos\GoldEngine\GoldEngine-Internal\imgui\imgui.cpp(11084): warning C4793: 'ImGui::SetTooltip': función compilada como nativa :
  	Se encontró un elemento intrínseco no admitido en código administrado
C:\Users\Carles\source\repos\GoldEngine\GoldEngine-Internal\imgui\imgui.cpp(20667): warning C4793: 'ImGui::DebugLog': función compilada como nativa :
  	varargs no admitidos en /clr
C:\Users\Carles\source\repos\GoldEngine\GoldEngine-Internal\imgui\imgui.cpp(20669): warning C4793: 'ImGui::DebugLog': función compilada como nativa :
  	Se encontró un elemento intrínseco no admitido en código administrado
C:\Users\Carles\source\repos\GoldEngine\GoldEngine-Internal\imgui\imgui.cpp(20671): warning C4793: 'ImGui::DebugLog': función compilada como nativa :
  	Se encontró un elemento intrínseco no admitido en código administrado
  AssemblyInfo.obj : se encontró un módulo MSIL; vinculación incremental deshabilitada para MSIL; ejecutando vínculo completo
LINK : warning LNK4098: la biblioteca predeterminada'MSVCRT' entra en conflicto con otras bibliotecas; use la biblioteca /NODEFAULTLIB:biblioteca
  GoldEngine-Internal.vcxproj -> C:\Users\Carles\source\repos\GoldEngine\x64\Debug\GoldEngine-Internal.dll
